生成启动时间为 2014/6/11 9:31:13。
     1>项目“F:\source\rvo2-2.0.1\RVO2\examples\ExampleRoadmap.vcxproj”在节点 2 上(Build 个目标)。
     1>C:\Program Files (x86)\MSBuild\Microsoft.Cpp\v4.0\V120\Microsoft.CppBuild.targets(381,5): warning MSB8028: The intermediate directory (Release\) contains files shared from another project (ExampleBlocks.vcxproj, ExampleCircle.vcxproj).  This can lead to incorrect clean and rebuild behavior.
     1>ClCompile:
         D:\Microsoft Visual Studio 12.0\VC\bin\CL.exe /c /I"F:\source\rvo2-2.0.1\RVO2\include" /Zi /nologo /W3 /WX- /O2 /Oy- /GL /D WIN32 /D NDEBUG /D _WINDOWS /D _UNICODE /D UNICODE /Gm- /EHsc /MD /GS /fp:precise /Zc:wchar_t /Zc:forScope /openmp /Fo"Release\\" /Fd"Release\vc120.pdb" /Gd /TP /analyze- /errorReport:prompt Clock.cpp ExampleRoadmap.cpp RVORoadmapRender.cpp
         Clock.cpp
         ExampleRoadmap.cpp
     1>ExampleRoadmap.cpp(431): warning C4244: “初始化”: 从“const float”转换到“UINT32”，可能丢失数据
         RVORoadmapRender.cpp
       Link:
         D:\Microsoft Visual Studio 12.0\VC\bin\link.exe /ERRORREPORT:PROMPT /OUT:"F:\source\rvo2-2.0.1\RVO2\Release\ExampleRoadmap.exe" /INCREMENTAL:NO /NOLOGO /LIBPATH:"F:\source\rvo2-2.0.1\RVO2\lib" RVO.lib d2d1.lib dwrite.lib winmm.lib kernel32.lib user32.lib gdi32.lib winspool.lib comdlg32.lib advapi32.lib shell32.lib ole32.lib oleaut32.lib uuid.lib odbc32.lib odbccp32.lib /MANIFEST /MANIFESTUAC:"level='asInvoker' uiAccess='false'" /manifest:embed /DEBUG /PDB:"F:\source\rvo2-2.0.1\RVO2\Release\ExampleRoadmap.pdb" /SUBSYSTEM:WINDOWS /OPT:REF /OPT:ICF /LTCG /TLBID:1 /DYNAMICBASE:NO /IMPLIB:"F:\source\rvo2-2.0.1\RVO2\Release\ExampleRoadmap.lib" /MACHINE:X86 /SAFESEH Release\Clock.obj
         Release\ExampleRoadmap.obj
         Release\RVORoadmapRender.obj
         "F:\source\rvo2-2.0.1\RVO2\Release\RVO.lib"
         正在生成代码
     1>f:\source\rvo2-2.0.1\rvo2\examples\exampleroadmap.cpp(583): warning C4700: 使用了未初始化的局部变量“msg”
         已完成代码的生成
         ExampleRoadmap.vcxproj -> F:\source\rvo2-2.0.1\RVO2\Release\ExampleRoadmap.exe
       PostBuildEvent:
         xcopy "F:\source\rvo2-2.0.1\RVO2\Release\ExampleRoadmap.exe" "F:\source\rvo2-2.0.1\RVO2\bin\" /Y
         :VCEnd
         F:\source\rvo2-2.0.1\RVO2\Release\ExampleRoadmap.exe
         复制了 1 个文件
     1>已完成生成项目“F:\source\rvo2-2.0.1\RVO2\examples\ExampleRoadmap.vcxproj”(Build 个目标)的操作。

生成成功。

已用时间 00:00:04.00
